TN:
SF:script/DeployFundIdris.s.sol
DA:12,27
FN:12,DeployFundIdris.run
FNDA:27,DeployFundIdris.run
DA:13,27
DA:14,27
DA:16,27
DA:17,27
DA:18,27
DA:19,27
FNF:1
FNH:1
LF:7
LH:7
BRF:0
BRH:0
end_of_record
TN:
SF:script/HelperConfig.s.sol
DA:19,35
FN:19,HelperConfig.constructor
FNDA:35,HelperConfig.constructor
DA:20,35
BRDA:20,0,0,1
BRDA:20,0,1,33
DA:21,1
DA:22,34
BRDA:22,1,0,1
BRDA:22,1,1,33
DA:23,1
DA:25,33
DA:29,2
FN:29,HelperConfig.getSepoliaEthConfig
FNDA:2,HelperConfig.getSepoliaEthConfig
DA:30,2
DA:31,2
DA:35,2
FN:35,HelperConfig.getMainnetEthConfig
FNDA:2,HelperConfig.getMainnetEthConfig
DA:36,2
DA:37,2
DA:41,34
FN:41,HelperConfig.getCreateAnvilEthConfig
FNDA:34,HelperConfig.getCreateAnvilEthConfig
DA:42,34
BRDA:42,2,0,1
DA:43,1
DA:46,33
DA:47,33
DA:48,33
DA:50,33
DA:51,33
FNF:4
FNH:4
LF:20
LH:20
BRF:5
BRH:5
end_of_record
TN:
SF:script/Interactions.s.sol
DA:12,1
FN:12,FundFundIdris.fundFundIdris
FNDA:1,FundFundIdris.fundFundIdris
DA:13,1
DA:14,1
DA:15,1
DA:16,1
DA:19,0
FN:19,FundFundIdris.run
FNDA:0,FundFundIdris.run
DA:20,0
DA:21,0
DA:26,2
FN:26,WithdrawFundIdris.withdrawFundIdris
FNDA:2,WithdrawFundIdris.withdrawFundIdris
DA:27,2
DA:28,1
DA:29,1
DA:30,1
DA:33,0
FN:33,WithdrawFundIdris.run
FNDA:0,WithdrawFundIdris.run
DA:34,0
DA:35,0
FNF:4
FNH:2
LF:16
LH:10
BRF:0
BRH:0
end_of_record
TN:
SF:src/FundIdris.sol
DA:24,27
FN:24,FundIdris.constructor
FNDA:27,FundIdris.constructor
DA:25,27
DA:26,27
DA:29,21
FN:29,FundIdris.fund
FNDA:21,FundIdris.fund
DA:30,23
BRDA:30,0,0,2
BRDA:30,0,1,21
DA:31,21
DA:32,21
DA:36,2
FN:36,FundIdris.cheaperWithdraw
FNDA:2,FundIdris.cheaperWithdraw
DA:37,1
DA:38,0
DA:39,0
DA:42,1
DA:51,1
DA:52,1
BRDA:52,1,0,-
BRDA:52,1,1,1
DA:55,5
FN:55,FundIdris.withdraw
FNDA:5,FundIdris.withdraw
DA:56,5
BRDA:56,2,0,1
BRDA:56,2,1,4
DA:61,4
DA:62,14
DA:63,14
DA:66,4
DA:75,4
DA:76,4
BRDA:76,3,0,-
BRDA:76,3,1,4
DA:84,1
FN:84,FundIdris.getVersion
FNDA:1,FundIdris.getVersion
DA:85,1
DA:88,2
FN:88,FundIdris.onlyOwner
FNDA:2,FundIdris.onlyOwner
DA:90,2
BRDA:90,4,0,1
DA:94,1
FN:94,FundIdris.receive
FNDA:1,FundIdris.receive
DA:95,1
DA:98,1
FN:98,FundIdris.fallback
FNDA:1,FundIdris.fallback
DA:99,1
DA:102,3
FN:102,FundIdris.getAddressToAmmountFunded
FNDA:3,FundIdris.getAddressToAmmountFunded
DA:103,3
DA:106,2
FN:106,FundIdris.getFunder
FNDA:2,FundIdris.getFunder
DA:107,2
DA:110,16
FN:110,FundIdris.getOwner
FNDA:16,FundIdris.getOwner
DA:111,16
FNF:11
FNH:11
LF:36
LH:34
BRF:9
BRH:7
end_of_record
TN:
SF:src/PriceConverter.sol
DA:9,23
FN:9,PriceConverter.getPrice
FNDA:23,PriceConverter.getPrice
DA:13,23
DA:15,23
DA:18,23
FN:18,PriceConverter.getConversionRate
FNDA:23,PriceConverter.getConversionRate
DA:20,23
DA:21,23
DA:22,23
FNF:2
FNH:2
LF:7
LH:7
BRF:0
BRH:0
end_of_record
TN:
SF:test/mocks/MockV3Aggregator.sol
DA:27,33
FN:27,MockV3Aggregator.constructor
FNDA:33,MockV3Aggregator.constructor
DA:28,33
DA:29,33
DA:32,33
FN:32,MockV3Aggregator.updateAnswer
FNDA:33,MockV3Aggregator.updateAnswer
DA:33,33
DA:34,33
DA:35,33
DA:36,33
DA:37,33
DA:38,33
DA:41,0
FN:41,MockV3Aggregator.updateRoundData
FNDA:0,MockV3Aggregator.updateRoundData
DA:42,0
DA:43,0
DA:44,0
DA:45,0
DA:46,0
DA:47,0
DA:50,0
FN:50,MockV3Aggregator.getRoundData
FNDA:0,MockV3Aggregator.getRoundData
DA:55,0
DA:58,23
FN:58,MockV3Aggregator.latestRoundData
FNDA:23,MockV3Aggregator.latestRoundData
DA:63,23
DA:72,0
FN:72,MockV3Aggregator.description
FNDA:0,MockV3Aggregator.description
DA:73,0
FNF:6
FNH:3
LF:23
LH:12
BRF:0
BRH:0
end_of_record
